<?xml version="1.0" encoding="UTF-8"?>
<coverage generated="1616556376555" clover="3.2.0">
  <project timestamp="1616556376556" name="All files">
    <metrics statements="6" coveredstatements="5" conditionals="4" coveredconditionals="2" methods="4" coveredmethods="3" elements="14" coveredelements="10" complexity="0" loc="6" ncloc="6" packages="1" files="2" classes="2"/>
    <file name="example.js" path="E:\git\study\Jest-study\example.js">
      <metrics statements="3" coveredstatements="3" conditionals="4" coveredconditionals="2" methods="2" coveredmethods="2"/>
      <line num="2" count="1" type="cond" truecount="1" falsecount="1"/>
      <line num="5" count="1" type="cond" truecount="1" falsecount="1"/>
      <line num="7" count="1" type="stmt"/>
    </file>
    <file name="fetchdata.js" path="E:\git\study\Jest-study\fetchdata.js">
      <metrics statements="3" coveredstatements="2" conditionals="0" coveredconditionals="0" methods="2" coveredmethods="1"/>
      <line num="2" count="1" type="stmt"/>
      <line num="3" count="1" type="stmt"/>
      <line num="4" count="0" type="stmt"/>
    </file>
  </project>
</coverage>
